Running BrowserMob Proxy using LittleProxy implementation. To revert to the legacy implementation, run the proxy with the command-line option '--use-littleproxy false'.
[INFO  2016-11-28T14:32:43,049 net.lightbody.bmp.proxy.Main] (main) Starting BrowserMob Proxy version 2.1.2 
[INFO  2016-11-28T14:32:43,119 org.eclipse.jetty.util.log] (main) jetty-7.x.y-SNAPSHOT 
[INFO  2016-11-28T14:32:43,160 org.eclipse.jetty.util.log] (main) started o.e.j.s.ServletContextHandler{/,null} 
[WARN  2016-11-28T14:32:43,945 org.eclipse.jetty.util.log] (main) FAILED SelectChannelConnector@0.0.0.0:8080: java.net.BindException: Address already in use 
[WARN  2016-11-28T14:32:43,945 org.eclipse.jetty.util.log] (main) FAILED org.eclipse.jetty.server.Server@5953c375: java.net.BindException: Address already in use 
[ERROR 2016-11-28T14:32:43,945 net.lightbody.bmp.proxy.Main] (main) Failed to start Jetty server. Aborting. java.net.BindException: Address already in use
	at sun.nio.ch.Net.bind0(Native Method) ~[?:1.7.0_111]
	at sun.nio.ch.Net.bind(Net.java:463) ~[?:1.7.0_111]
	at sun.nio.ch.Net.bind(Net.java:455) ~[?:1.7.0_111]
	at sun.nio.ch.ServerSocketChannelImpl.bind(ServerSocketChannelImpl.java:223) ~[?:1.7.0_111]
	at sun.nio.ch.ServerSocketAdaptor.bind(ServerSocketAdaptor.java:74) ~[?:1.7.0_111]
	at org.eclipse.jetty.server.nio.SelectChannelConnector.open(SelectChannelConnector.java:162) ~[browsermob-dist-2.1.2.jar:?]
	at org.eclipse.jetty.server.AbstractConnector.doStart(AbstractConnector.java:356) ~[browsermob-dist-2.1.2.jar:?]
	at org.eclipse.jetty.server.nio.SelectChannelConnector.doStart(SelectChannelConnector.java:240) ~[browsermob-dist-2.1.2.jar:?]
	at org.eclipse.jetty.util.component.AbstractLifeCycle.start(AbstractLifeCycle.java:55) ~[browsermob-dist-2.1.2.jar:?]
	at org.eclipse.jetty.server.Server.doStart(Server.java:269) ~[browsermob-dist-2.1.2.jar:?]
	at org.eclipse.jetty.util.component.AbstractLifeCycle.start(AbstractLifeCycle.java:55) ~[browsermob-dist-2.1.2.jar:?]
	at net.lightbody.bmp.proxy.Main.main(Main.java:59) [browsermob-dist-2.1.2.jar:?]

Exception in thread "main" net.lightbody.bmp.exception.JettyException: Unable to start Jetty server
	at net.lightbody.bmp.proxy.Main.main(Main.java:63)
Caused by: java.net.BindException: Address already in use
	at sun.nio.ch.Net.bind0(Native Method)
	at sun.nio.ch.Net.bind(Net.java:463)
	at sun.nio.ch.Net.bind(Net.java:455)
	at sun.nio.ch.ServerSocketChannelImpl.bind(ServerSocketChannelImpl.java:223)
	at sun.nio.ch.ServerSocketAdaptor.bind(ServerSocketAdaptor.java:74)
	at org.eclipse.jetty.server.nio.SelectChannelConnector.open(SelectChannelConnector.java:162)
	at org.eclipse.jetty.server.AbstractConnector.doStart(AbstractConnector.java:356)
	at org.eclipse.jetty.server.nio.SelectChannelConnector.doStart(SelectChannelConnector.java:240)
	at org.eclipse.jetty.util.component.AbstractLifeCycle.start(AbstractLifeCycle.java:55)
	at org.eclipse.jetty.server.Server.doStart(Server.java:269)
	at org.eclipse.jetty.util.component.AbstractLifeCycle.start(AbstractLifeCycle.java:55)
	at net.lightbody.bmp.proxy.Main.main(Main.java:59)
